nohup: ignoring input
npm warn exec The following package was not found and will be installed: webpack@5.99.9
CLI for webpack must be installed.
  webpack-cli (https://github.com/webpack/webpack-cli)

We will use "yarn" to install the CLI via "yarn add -D webpack-cli".
Do you want to install 'webpack-cli' (yes/no): node:events:496
      throw er; // Unhandled 'error' event
      ^

Error: EBADF: bad file descriptor, read
Emitted 'error' event on Interface instance at:
    at ReadStream.onerror (node:internal/readline/interface:242:10)
    at ReadStream.emit (node:events:518:28)
    at emitErrorNT (node:internal/streams/destroy:170:8)
    at errorOrDestroy (node:internal/streams/destroy:239:7)
    at node:internal/fs/streams:272:9
    at FSReqCallback.wrapper [as oncomplete] (node:fs:672:5) {
  errno: -9,
  code: 'EBADF',
  syscall: 'read'
}

Node.js v22.15.0
