nohup: ignoring input
<i> [webpack-dev-server] Project is running at:
<i> [webpack-dev-server] Loopback: http://localhost:8080/
<i> [webpack-dev-server] On Your Network (IPv4): http://192.168.0.41:8080/
<i> [webpack-dev-server] Content not from webpack is served from '/home/barberb/swissknife/web/dist' directory
<i> [webpack-dev-server] 404s will fallback to '/index.html'
<i> [webpack-dev-middleware] wait until bundle finished: /
assets by path css/*.css 75.7 KiB
  asset css/apps.css 35.9 KiB [emitted] [from: css/apps.css] [copied]
  asset css/desktop.css 12.3 KiB [emitted] [from: css/desktop.css] [copied]
  asset css/aero-enhanced.css 10.8 KiB [emitted] [from: css/aero-enhanced.css] [copied]
  asset css/terminal.css 8.33 KiB [emitted] [from: css/terminal.css] [copied]
  asset css/windows.css 8.32 KiB [emitted] [from: css/windows.css] [copied]
assets by path *.js 1.41 MiB
  asset main.16ebe8c761d6b1f72df3.js 825 KiB [emitted] [immutable] (name: main)
  asset vendors-node_modules_buffer_index_js-node_modules_process_browser_js-node_modules_webpack-dev-b9be06.6e3e56219a899bb9a2f2.js 491 KiB [emitted] [immutable] (id hint: vendors)
  asset swissknife-browser.8149ffc8e10e5099ec17.js 69.2 KiB [emitted] [immutable] (name: swissknife-browser)
  asset js_apps_terminal_js.7860ba68b44d55dceedb.js 57.7 KiB [emitted] [immutable]
asset index.html 7.68 KiB [emitted]
Entrypoint main 1.29 MiB = vendors-node_modules_buffer_index_js-node_modules_process_browser_js-node_modules_webpack-dev-b9be06.6e3e56219a899bb9a2f2.js 491 KiB main.16ebe8c761d6b1f72df3.js 825 KiB
Entrypoint swissknife-browser 560 KiB = vendors-node_modules_buffer_index_js-node_modules_process_browser_js-node_modules_webpack-dev-b9be06.6e3e56219a899bb9a2f2.js 491 KiB swissknife-browser.8149ffc8e10e5099ec17.js 69.2 KiB
runtime modules 58.7 KiB 27 modules
cacheable modules 477 KiB
  modules by path ./node_modules/ 206 KiB 38 modules
  modules by path ./css/*.css 205 KiB
    ./css/aero-enhanced.css 2.26 KiB [built] [code generated]
    ./css/desktop.css 2.25 KiB [built] [code generated]
    ./css/windows.css 2.25 KiB [built] [code generated]
    ./css/terminal.css 2.25 KiB [built] [code generated]
    ./css/apps.css 2.24 KiB [built] [code generated]
    + 5 modules
  modules by path ./js/ 66.8 KiB
    ./js/main.js 25.4 KiB [built] [code generated]
    ./js/swissknife-browser.js 8.81 KiB [built] [code generated]
    ./js/desktop-enhancer.js 11.8 KiB [built] [code generated]
    ./js/apps/terminal.js 20.9 KiB [optional] [built] [code generated]

ERROR in ./node_modules/webpack-dev-server/client/modules/logger/index.js 256:37-44
Module not found: Error: Can't resolve 'process/browser' in '/home/barberb/swissknife/web/node_modules/webpack-dev-server/client/modules/logger'
resolve 'process/browser' in '/home/barberb/swissknife/web/node_modules/webpack-dev-server/client/modules/logger'
  Parsed request is a module
  using description file: /home/barberb/swissknife/web/node_modules/webpack-dev-server/package.json (relative path: ./client/modules/logger)
    aliased with mapping 'process': '/home/barberb/swissknife/web/node_modules/process/browser.js' to '/home/barberb/swissknife/web/node_modules/process/browser.js/browser'
      using description file: /home/barberb/swissknife/web/node_modules/webpack-dev-server/package.json (relative path: ./client/modules/logger)
        Field 'browser' doesn't contain a valid alias configuration
        root path /home/barberb/swissknife/web
          using description file: /home/barberb/swissknife/web/package.json (relative path: ./home/barberb/swissknife/web/node_modules/process/browser.js/browser)
            no extension
              Field 'browser' doesn't contain a valid alias configuration
              /home/barberb/swissknife/web/home/barberb/swissknife/web/node_modules/process/browser.js/browser doesn't exist
            .ts
              Field 'browser' doesn't contain a valid alias configuration
              /home/barberb/swissknife/web/home/barberb/swissknife/web/node_modules/process/browser.js/browser.ts doesn't exist
            .tsx
              Field 'browser' doesn't contain a valid alias configuration
              /home/barberb/swissknife/web/home/barberb/swissknife/web/node_modules/process/browser.js/browser.tsx doesn't exist
            .js
              Field 'browser' doesn't contain a valid alias configuration
              /home/barberb/swissknife/web/home/barberb/swissknife/web/node_modules/process/browser.js/browser.js doesn't exist
            .jsx
              Field 'browser' doesn't contain a valid alias configuration
              /home/barberb/swissknife/web/home/barberb/swissknife/web/node_modules/process/browser.js/browser.jsx doesn't exist
            as directory
              /home/barberb/swissknife/web/home/barberb/swissknife/web/node_modules/process/browser.js/browser doesn't exist
        using description file: /home/barberb/swissknife/web/node_modules/process/package.json (relative path: ./browser.js/browser)
          no extension
            Field 'browser' doesn't contain a valid alias configuration
            /home/barberb/swissknife/web/node_modules/process/browser.js/browser doesn't exist
          .ts
            Field 'browser' doesn't contain a valid alias configuration
            /home/barberb/swissknife/web/node_modules/process/browser.js/browser.ts doesn't exist
          .tsx
            Field 'browser' doesn't contain a valid alias configuration
            /home/barberb/swissknife/web/node_modules/process/browser.js/browser.tsx doesn't exist
          .js
            Field 'browser' doesn't contain a valid alias configuration
            /home/barberb/swissknife/web/node_modules/process/browser.js/browser.js doesn't exist
          .jsx
            Field 'browser' doesn't contain a valid alias configuration
            /home/barberb/swissknife/web/node_modules/process/browser.js/browser.jsx doesn't exist
          as directory
            /home/barberb/swissknife/web/node_modules/process/browser.js/browser doesn't exist
    aliased with mapping 'process': '/home/barberb/swissknife/web/node_modules/process/browser.js' to '/home/barberb/swissknife/web/node_modules/process/browser.js/browser'
      using description file: /home/barberb/swissknife/web/node_modules/webpack-dev-server/package.json (relative path: ./client/modules/logger)
        Field 'browser' doesn't contain a valid alias configuration
        root path /home/barberb/swissknife/web
          using description file: /home/barberb/swissknife/web/package.json (relative path: ./home/barberb/swissknife/web/node_modules/process/browser.js/browser)
            no extension
              Field 'browser' doesn't contain a valid alias configuration
              /home/barberb/swissknife/web/home/barberb/swissknife/web/node_modules/process/browser.js/browser doesn't exist
            .ts
              Field 'browser' doesn't contain a valid alias configuration
              /home/barberb/swissknife/web/home/barberb/swissknife/web/node_modules/process/browser.js/browser.ts doesn't exist
            .tsx
              Field 'browser' doesn't contain a valid alias configuration
              /home/barberb/swissknife/web/home/barberb/swissknife/web/node_modules/process/browser.js/browser.tsx doesn't exist
            .js
              Field 'browser' doesn't contain a valid alias configuration
              /home/barberb/swissknife/web/home/barberb/swissknife/web/node_modules/process/browser.js/browser.js doesn't exist
            .jsx
              Field 'browser' doesn't contain a valid alias configuration
              /home/barberb/swissknife/web/home/barberb/swissknife/web/node_modules/process/browser.js/browser.jsx doesn't exist
            as directory
              /home/barberb/swissknife/web/home/barberb/swissknife/web/node_modules/process/browser.js/browser doesn't exist
        using description file: /home/barberb/swissknife/web/node_modules/process/package.json (relative path: ./browser.js/browser)
          no extension
            Field 'browser' doesn't contain a valid alias configuration
            /home/barberb/swissknife/web/node_modules/process/browser.js/browser doesn't exist
          .ts
            Field 'browser' doesn't contain a valid alias configuration
            /home/barberb/swissknife/web/node_modules/process/browser.js/browser.ts doesn't exist
          .tsx
            Field 'browser' doesn't contain a valid alias configuration
            /home/barberb/swissknife/web/node_modules/process/browser.js/browser.tsx doesn't exist
          .js
            Field 'browser' doesn't contain a valid alias configuration
            /home/barberb/swissknife/web/node_modules/process/browser.js/browser.js doesn't exist
          .jsx
            Field 'browser' doesn't contain a valid alias configuration
            /home/barberb/swissknife/web/node_modules/process/browser.js/browser.jsx doesn't exist
          as directory
            /home/barberb/swissknife/web/node_modules/process/browser.js/browser doesn't exist
 @ ./node_modules/webpack-dev-server/client/utils/log.js 1:0-48 13:2-31 18:10-26
 @ ./node_modules/webpack-dev-server/client/index.js?protocol=ws%3A&hostname=0.0.0.0&port=8080&pathname=%2Fws&logging=info&overlay=true&reconnect=10&hot=true&live-reload=true 13:0-70 100:4-13 127:2-13 132:0-18 159:4-12 207:6-14 212:4-12 234:4-12 241:4-12 249:4-12 258:6-14 280:4-13 289:6-15 307:4-13 310:4-12

ERROR in ./node_modules/webpack-dev-server/client/modules/logger/index.js
Cannot read properties of undefined (reading 'module')
TypeError: Cannot read properties of undefined (reading 'module')
    at ProvidedDependencyTemplate.apply (/home/barberb/swissknife/web/node_modules/webpack/lib/dependencies/ProvidedDependency.js:134:61)
    at JavascriptGenerator.sourceDependency (/home/barberb/swissknife/web/node_modules/webpack/lib/javascript/JavascriptGenerator.js:246:12)
    at JavascriptGenerator.sourceModule (/home/barberb/swissknife/web/node_modules/webpack/lib/javascript/JavascriptGenerator.js:132:9)
    at JavascriptGenerator.generate (/home/barberb/swissknife/web/node_modules/webpack/lib/javascript/JavascriptGenerator.js:108:8)
    at NormalModule.codeGeneration (/home/barberb/swissknife/web/node_modules/webpack/lib/NormalModule.js:1494:17)
    at /home/barberb/swissknife/web/node_modules/webpack/lib/Compilation.js:3651:22
    at /home/barberb/swissknife/web/node_modules/webpack/lib/Cache.js:97:34
    at Array.<anonymous> (/home/barberb/swissknife/web/node_modules/webpack/lib/cache/MemoryCachePlugin.js:46:13)
    at /home/barberb/swissknife/web/node_modules/webpack/lib/Cache.js:97:19
    at Hook.eval [as callAsync] (eval at create (/home/barberb/swissknife/web/node_modules/tapable/lib/HookCodeFactory.js:33:10), <anonymous>:19:1)
 @ ./node_modules/webpack-dev-server/client/utils/log.js 1:0-48 13:2-31 18:10-26
 @ ./node_modules/webpack-dev-server/client/index.js?protocol=ws%3A&hostname=0.0.0.0&port=8080&pathname=%2Fws&logging=info&overlay=true&reconnect=10&hot=true&live-reload=true 13:0-70 100:4-13 127:2-13 132:0-18 159:4-12 207:6-14 212:4-12 234:4-12 241:4-12 249:4-12 258:6-14 280:4-13 289:6-15 307:4-13 310:4-12

webpack 5.99.9 compiled with 2 errors in 1935 ms
Watchpack Error (initial scan): Error: ENOTDIR: not a directory, scandir '/home/barberb/swissknife/web/node_modules/process/browser.js'
assets by status 613 KiB [cached] 6 assets
assets by status 992 KiB [emitted]
  assets by info 973 KiB [immutable]
    assets by path *.js 973 KiB
      assets by chunk 903 KiB (name: main)
        asset main.18a7e9e07f2d164becec.js 825 KiB [emitted] [immutable] (name: main)
        asset main.ea869876dd8db9abfaeb.hot-update.js 77.5 KiB [emitted] [immutable] [hmr] (name: main)
      assets by chunk 70 KiB (name: swissknife-browser)
        asset swissknife-browser.68000b5d353e93ec9200.js 69.2 KiB [emitted] [immutable] (name: swissknife-browser)
        asset swissknife-browser.ea869876dd8db9abfaeb.hot-update.js 864 bytes [emitted] [immutable] [hmr] (name: swissknife-browser)
    assets by path *.json 70 bytes
      asset swissknife-browser.ea869876dd8db9abfaeb.hot-update.json 42 bytes [emitted] [immutable] [hmr]
      asset main.ea869876dd8db9abfaeb.hot-update.json 28 bytes [emitted] [immutable] [hmr]
  asset css/aero-enhanced.css 10.9 KiB [emitted] [from: css/aero-enhanced.css] [copied]
  asset index.html 7.68 KiB [emitted]
Entrypoint main 1.36 MiB = vendors-node_modules_buffer_index_js-node_modules_process_browser_js-node_modules_webpack-dev-b9be06.6e3e56219a899bb9a2f2.js 491 KiB main.18a7e9e07f2d164becec.js 825 KiB main.ea869876dd8db9abfaeb.hot-update.js 77.5 KiB
Entrypoint swissknife-browser 561 KiB = vendors-node_modules_buffer_index_js-node_modules_process_browser_js-node_modules_webpack-dev-b9be06.6e3e56219a899bb9a2f2.js 491 KiB swissknife-browser.68000b5d353e93ec9200.js 69.2 KiB swissknife-browser.ea869876dd8db9abfaeb.hot-update.js 864 bytes
cached modules 425 KiB [cached] 50 modules
runtime modules 58.7 KiB 27 modules
javascript modules 53 KiB
  ./node_modules/webpack-dev-server/client/modules/logger/index.js 26 KiB [code generated]
  ./node_modules/css-loader/dist/cjs.js!./css/aero-enhanced.css 27 KiB [built] [code generated]

ERROR in ./node_modules/webpack-dev-server/client/modules/logger/index.js 256:37-44
Module not found: Error: Can't resolve 'process/browser' in '/home/barberb/swissknife/web/node_modules/webpack-dev-server/client/modules/logger'
resolve 'process/browser' in '/home/barberb/swissknife/web/node_modules/webpack-dev-server/client/modules/logger'
  Parsed request is a module
  using description file: /home/barberb/swissknife/web/node_modules/webpack-dev-server/package.json (relative path: ./client/modules/logger)
    aliased with mapping 'process': '/home/barberb/swissknife/web/node_modules/process/browser.js' to '/home/barberb/swissknife/web/node_modules/process/browser.js/browser'
      using description file: /home/barberb/swissknife/web/node_modules/webpack-dev-server/package.json (relative path: ./client/modules/logger)
        Field 'browser' doesn't contain a valid alias configuration
        root path /home/barberb/swissknife/web
          using description file: /home/barberb/swissknife/web/package.json (relative path: ./home/barberb/swissknife/web/node_modules/process/browser.js/browser)
            no extension
              Field 'browser' doesn't contain a valid alias configuration
              /home/barberb/swissknife/web/home/barberb/swissknife/web/node_modules/process/browser.js/browser doesn't exist
            .ts
              Field 'browser' doesn't contain a valid alias configuration
              /home/barberb/swissknife/web/home/barberb/swissknife/web/node_modules/process/browser.js/browser.ts doesn't exist
            .tsx
              Field 'browser' doesn't contain a valid alias configuration
              /home/barberb/swissknife/web/home/barberb/swissknife/web/node_modules/process/browser.js/browser.tsx doesn't exist
            .js
              Field 'browser' doesn't contain a valid alias configuration
              /home/barberb/swissknife/web/home/barberb/swissknife/web/node_modules/process/browser.js/browser.js doesn't exist
            .jsx
              Field 'browser' doesn't contain a valid alias configuration
              /home/barberb/swissknife/web/home/barberb/swissknife/web/node_modules/process/browser.js/browser.jsx doesn't exist
            as directory
              /home/barberb/swissknife/web/home/barberb/swissknife/web/node_modules/process/browser.js/browser doesn't exist
        using description file: /home/barberb/swissknife/web/node_modules/process/package.json (relative path: ./browser.js/browser)
          no extension
            Field 'browser' doesn't contain a valid alias configuration
            /home/barberb/swissknife/web/node_modules/process/browser.js/browser doesn't exist
          .ts
            Field 'browser' doesn't contain a valid alias configuration
            /home/barberb/swissknife/web/node_modules/process/browser.js/browser.ts doesn't exist
          .tsx
            Field 'browser' doesn't contain a valid alias configuration
            /home/barberb/swissknife/web/node_modules/process/browser.js/browser.tsx doesn't exist
          .js
            Field 'browser' doesn't contain a valid alias configuration
            /home/barberb/swissknife/web/node_modules/process/browser.js/browser.js doesn't exist
          .jsx
            Field 'browser' doesn't contain a valid alias configuration
            /home/barberb/swissknife/web/node_modules/process/browser.js/browser.jsx doesn't exist
          as directory
            /home/barberb/swissknife/web/node_modules/process/browser.js/browser doesn't exist
    aliased with mapping 'process': '/home/barberb/swissknife/web/node_modules/process/browser.js' to '/home/barberb/swissknife/web/node_modules/process/browser.js/browser'
      using description file: /home/barberb/swissknife/web/node_modules/webpack-dev-server/package.json (relative path: ./client/modules/logger)
        Field 'browser' doesn't contain a valid alias configuration
        root path /home/barberb/swissknife/web
          using description file: /home/barberb/swissknife/web/package.json (relative path: ./home/barberb/swissknife/web/node_modules/process/browser.js/browser)
            no extension
              Field 'browser' doesn't contain a valid alias configuration
              /home/barberb/swissknife/web/home/barberb/swissknife/web/node_modules/process/browser.js/browser doesn't exist
            .ts
              Field 'browser' doesn't contain a valid alias configuration
              /home/barberb/swissknife/web/home/barberb/swissknife/web/node_modules/process/browser.js/browser.ts doesn't exist
            .tsx
              Field 'browser' doesn't contain a valid alias configuration
              /home/barberb/swissknife/web/home/barberb/swissknife/web/node_modules/process/browser.js/browser.tsx doesn't exist
            .js
              Field 'browser' doesn't contain a valid alias configuration
              /home/barberb/swissknife/web/home/barberb/swissknife/web/node_modules/process/browser.js/browser.js doesn't exist
            .jsx
              Field 'browser' doesn't contain a valid alias configuration
              /home/barberb/swissknife/web/home/barberb/swissknife/web/node_modules/process/browser.js/browser.jsx doesn't exist
            as directory
              /home/barberb/swissknife/web/home/barberb/swissknife/web/node_modules/process/browser.js/browser doesn't exist
        using description file: /home/barberb/swissknife/web/node_modules/process/package.json (relative path: ./browser.js/browser)
          no extension
            Field 'browser' doesn't contain a valid alias configuration
            /home/barberb/swissknife/web/node_modules/process/browser.js/browser doesn't exist
          .ts
            Field 'browser' doesn't contain a valid alias configuration
            /home/barberb/swissknife/web/node_modules/process/browser.js/browser.ts doesn't exist
          .tsx
            Field 'browser' doesn't contain a valid alias configuration
            /home/barberb/swissknife/web/node_modules/process/browser.js/browser.tsx doesn't exist
          .js
            Field 'browser' doesn't contain a valid alias configuration
            /home/barberb/swissknife/web/node_modules/process/browser.js/browser.js doesn't exist
          .jsx
            Field 'browser' doesn't contain a valid alias configuration
            /home/barberb/swissknife/web/node_modules/process/browser.js/browser.jsx doesn't exist
          as directory
            /home/barberb/swissknife/web/node_modules/process/browser.js/browser doesn't exist
 @ ./node_modules/webpack-dev-server/client/utils/log.js 1:0-48 13:2-31 18:10-26
 @ ./node_modules/webpack-dev-server/client/index.js?protocol=ws%3A&hostname=0.0.0.0&port=8080&pathname=%2Fws&logging=info&overlay=true&reconnect=10&hot=true&live-reload=true 13:0-70 100:4-13 127:2-13 132:0-18 159:4-12 207:6-14 212:4-12 234:4-12 241:4-12 249:4-12 258:6-14 280:4-13 289:6-15 307:4-13 310:4-12

ERROR in ./node_modules/webpack-dev-server/client/modules/logger/index.js
Cannot read properties of undefined (reading 'module')
TypeError: Cannot read properties of undefined (reading 'module')
    at ProvidedDependencyTemplate.apply (/home/barberb/swissknife/web/node_modules/webpack/lib/dependencies/ProvidedDependency.js:134:61)
    at JavascriptGenerator.sourceDependency (/home/barberb/swissknife/web/node_modules/webpack/lib/javascript/JavascriptGenerator.js:246:12)
    at JavascriptGenerator.sourceModule (/home/barberb/swissknife/web/node_modules/webpack/lib/javascript/JavascriptGenerator.js:132:9)
    at JavascriptGenerator.generate (/home/barberb/swissknife/web/node_modules/webpack/lib/javascript/JavascriptGenerator.js:108:8)
    at NormalModule.codeGeneration (/home/barberb/swissknife/web/node_modules/webpack/lib/NormalModule.js:1494:17)
    at /home/barberb/swissknife/web/node_modules/webpack/lib/Compilation.js:3651:22
    at /home/barberb/swissknife/web/node_modules/webpack/lib/Cache.js:99:5
    at Hook.eval [as callAsync] (eval at create (/home/barberb/swissknife/web/node_modules/tapable/lib/HookCodeFactory.js:33:10), <anonymous>:16:1)
    at Cache.get (/home/barberb/swissknife/web/node_modules/webpack/lib/Cache.js:81:18)
    at ItemCacheFacade.get (/home/barberb/swissknife/web/node_modules/webpack/lib/CacheFacade.js:116:15)
 @ ./node_modules/webpack-dev-server/client/utils/log.js 1:0-48 13:2-31 18:10-26
 @ ./node_modules/webpack-dev-server/client/index.js?protocol=ws%3A&hostname=0.0.0.0&port=8080&pathname=%2Fws&logging=info&overlay=true&reconnect=10&hot=true&live-reload=true 13:0-70 100:4-13 127:2-13 132:0-18 159:4-12 207:6-14 212:4-12 234:4-12 241:4-12 249:4-12 258:6-14 280:4-13 289:6-15 307:4-13 310:4-12

webpack 5.99.9 compiled with 2 errors in 213 ms
assets by status 624 KiB [cached] 7 assets
assets by status 973 KiB [emitted]
  assets by path *.js 965 KiB
    assets by chunk 895 KiB (name: main)
      asset main.15ca5be853819f79346a.js 826 KiB [emitted] [immutable] (name: main)
      asset main.049a867187f17b961c99.hot-update.js 69.5 KiB [emitted] [immutable] [hmr] (name: main)
    assets by chunk 70 KiB (name: swissknife-browser)
      asset swissknife-browser.88978dfb6f63352f59ce.js 69.2 KiB [emitted] [immutable] (name: swissknife-browser)
      asset swissknife-browser.049a867187f17b961c99.hot-update.js 864 bytes [emitted] [immutable] [hmr] (name: swissknife-browser)
  assets by path *.json 70 bytes
    asset swissknife-browser.049a867187f17b961c99.hot-update.json 42 bytes [emitted] [immutable] [hmr]
    asset main.049a867187f17b961c99.hot-update.json 28 bytes [emitted] [immutable] [hmr]
  asset index.html 7.68 KiB [emitted]
Entrypoint main 1.35 MiB = vendors-node_modules_buffer_index_js-node_modules_process_browser_js-node_modules_webpack-dev-b9be06.6e3e56219a899bb9a2f2.js 491 KiB main.15ca5be853819f79346a.js 826 KiB main.049a867187f17b961c99.hot-update.js 69.5 KiB
Entrypoint swissknife-browser 561 KiB = vendors-node_modules_buffer_index_js-node_modules_process_browser_js-node_modules_webpack-dev-b9be06.6e3e56219a899bb9a2f2.js 491 KiB swissknife-browser.88978dfb6f63352f59ce.js 69.2 KiB swissknife-browser.049a867187f17b961c99.hot-update.js 864 bytes
cached modules 426 KiB [cached] 50 modules
runtime modules 58.7 KiB 27 modules
javascript modules 51.4 KiB
  ./js/main.js 25.4 KiB [built] [code generated]
  ./node_modules/webpack-dev-server/client/modules/logger/index.js 26 KiB [code generated]

ERROR in ./node_modules/webpack-dev-server/client/modules/logger/index.js 256:37-44
Module not found: Error: Can't resolve 'process/browser' in '/home/barberb/swissknife/web/node_modules/webpack-dev-server/client/modules/logger'
resolve 'process/browser' in '/home/barberb/swissknife/web/node_modules/webpack-dev-server/client/modules/logger'
  Parsed request is a module
  using description file: /home/barberb/swissknife/web/node_modules/webpack-dev-server/package.json (relative path: ./client/modules/logger)
    aliased with mapping 'process': '/home/barberb/swissknife/web/node_modules/process/browser.js' to '/home/barberb/swissknife/web/node_modules/process/browser.js/browser'
      using description file: /home/barberb/swissknife/web/node_modules/webpack-dev-server/package.json (relative path: ./client/modules/logger)
        Field 'browser' doesn't contain a valid alias configuration
        root path /home/barberb/swissknife/web
          using description file: /home/barberb/swissknife/web/package.json (relative path: ./home/barberb/swissknife/web/node_modules/process/browser.js/browser)
            no extension
              Field 'browser' doesn't contain a valid alias configuration
              /home/barberb/swissknife/web/home/barberb/swissknife/web/node_modules/process/browser.js/browser doesn't exist
            .ts
              Field 'browser' doesn't contain a valid alias configuration
              /home/barberb/swissknife/web/home/barberb/swissknife/web/node_modules/process/browser.js/browser.ts doesn't exist
            .tsx
              Field 'browser' doesn't contain a valid alias configuration
              /home/barberb/swissknife/web/home/barberb/swissknife/web/node_modules/process/browser.js/browser.tsx doesn't exist
            .js
              Field 'browser' doesn't contain a valid alias configuration
              /home/barberb/swissknife/web/home/barberb/swissknife/web/node_modules/process/browser.js/browser.js doesn't exist
            .jsx
              Field 'browser' doesn't contain a valid alias configuration
              /home/barberb/swissknife/web/home/barberb/swissknife/web/node_modules/process/browser.js/browser.jsx doesn't exist
            as directory
              /home/barberb/swissknife/web/home/barberb/swissknife/web/node_modules/process/browser.js/browser doesn't exist
        using description file: /home/barberb/swissknife/web/node_modules/process/package.json (relative path: ./browser.js/browser)
          no extension
            Field 'browser' doesn't contain a valid alias configuration
            /home/barberb/swissknife/web/node_modules/process/browser.js/browser doesn't exist
          .ts
            Field 'browser' doesn't contain a valid alias configuration
            /home/barberb/swissknife/web/node_modules/process/browser.js/browser.ts doesn't exist
          .tsx
            Field 'browser' doesn't contain a valid alias configuration
            /home/barberb/swissknife/web/node_modules/process/browser.js/browser.tsx doesn't exist
          .js
            Field 'browser' doesn't contain a valid alias configuration
            /home/barberb/swissknife/web/node_modules/process/browser.js/browser.js doesn't exist
          .jsx
            Field 'browser' doesn't contain a valid alias configuration
            /home/barberb/swissknife/web/node_modules/process/browser.js/browser.jsx doesn't exist
          as directory
            /home/barberb/swissknife/web/node_modules/process/browser.js/browser doesn't exist
    aliased with mapping 'process': '/home/barberb/swissknife/web/node_modules/process/browser.js' to '/home/barberb/swissknife/web/node_modules/process/browser.js/browser'
      using description file: /home/barberb/swissknife/web/node_modules/webpack-dev-server/package.json (relative path: ./client/modules/logger)
        Field 'browser' doesn't contain a valid alias configuration
        root path /home/barberb/swissknife/web
          using description file: /home/barberb/swissknife/web/package.json (relative path: ./home/barberb/swissknife/web/node_modules/process/browser.js/browser)
            no extension
              Field 'browser' doesn't contain a valid alias configuration
              /home/barberb/swissknife/web/home/barberb/swissknife/web/node_modules/process/browser.js/browser doesn't exist
            .ts
              Field 'browser' doesn't contain a valid alias configuration
              /home/barberb/swissknife/web/home/barberb/swissknife/web/node_modules/process/browser.js/browser.ts doesn't exist
            .tsx
              Field 'browser' doesn't contain a valid alias configuration
              /home/barberb/swissknife/web/home/barberb/swissknife/web/node_modules/process/browser.js/browser.tsx doesn't exist
            .js
              Field 'browser' doesn't contain a valid alias configuration
              /home/barberb/swissknife/web/home/barberb/swissknife/web/node_modules/process/browser.js/browser.js doesn't exist
            .jsx
              Field 'browser' doesn't contain a valid alias configuration
              /home/barberb/swissknife/web/home/barberb/swissknife/web/node_modules/process/browser.js/browser.jsx doesn't exist
            as directory
              /home/barberb/swissknife/web/home/barberb/swissknife/web/node_modules/process/browser.js/browser doesn't exist
        using description file: /home/barberb/swissknife/web/node_modules/process/package.json (relative path: ./browser.js/browser)
          no extension
            Field 'browser' doesn't contain a valid alias configuration
            /home/barberb/swissknife/web/node_modules/process/browser.js/browser doesn't exist
          .ts
            Field 'browser' doesn't contain a valid alias configuration
            /home/barberb/swissknife/web/node_modules/process/browser.js/browser.ts doesn't exist
          .tsx
            Field 'browser' doesn't contain a valid alias configuration
            /home/barberb/swissknife/web/node_modules/process/browser.js/browser.tsx doesn't exist
          .js
            Field 'browser' doesn't contain a valid alias configuration
            /home/barberb/swissknife/web/node_modules/process/browser.js/browser.js doesn't exist
          .jsx
            Field 'browser' doesn't contain a valid alias configuration
            /home/barberb/swissknife/web/node_modules/process/browser.js/browser.jsx doesn't exist
          as directory
            /home/barberb/swissknife/web/node_modules/process/browser.js/browser doesn't exist
 @ ./node_modules/webpack-dev-server/client/utils/log.js 1:0-48 13:2-31 18:10-26
 @ ./node_modules/webpack-dev-server/client/index.js?protocol=ws%3A&hostname=0.0.0.0&port=8080&pathname=%2Fws&logging=info&overlay=true&reconnect=10&hot=true&live-reload=true 13:0-70 100:4-13 127:2-13 132:0-18 159:4-12 207:6-14 212:4-12 234:4-12 241:4-12 249:4-12 258:6-14 280:4-13 289:6-15 307:4-13 310:4-12

ERROR in ./node_modules/webpack-dev-server/client/modules/logger/index.js
Cannot read properties of undefined (reading 'module')
TypeError: Cannot read properties of undefined (reading 'module')
    at ProvidedDependencyTemplate.apply (/home/barberb/swissknife/web/node_modules/webpack/lib/dependencies/ProvidedDependency.js:134:61)
    at JavascriptGenerator.sourceDependency (/home/barberb/swissknife/web/node_modules/webpack/lib/javascript/JavascriptGenerator.js:246:12)
    at JavascriptGenerator.sourceModule (/home/barberb/swissknife/web/node_modules/webpack/lib/javascript/JavascriptGenerator.js:132:9)
    at JavascriptGenerator.generate (/home/barberb/swissknife/web/node_modules/webpack/lib/javascript/JavascriptGenerator.js:108:8)
    at NormalModule.codeGeneration (/home/barberb/swissknife/web/node_modules/webpack/lib/NormalModule.js:1494:17)
    at /home/barberb/swissknife/web/node_modules/webpack/lib/Compilation.js:3651:22
    at /home/barberb/swissknife/web/node_modules/webpack/lib/Cache.js:99:5
    at Hook.eval [as callAsync] (eval at create (/home/barberb/swissknife/web/node_modules/tapable/lib/HookCodeFactory.js:33:10), <anonymous>:16:1)
    at Cache.get (/home/barberb/swissknife/web/node_modules/webpack/lib/Cache.js:81:18)
    at ItemCacheFacade.get (/home/barberb/swissknife/web/node_modules/webpack/lib/CacheFacade.js:116:15)
 @ ./node_modules/webpack-dev-server/client/utils/log.js 1:0-48 13:2-31 18:10-26
 @ ./node_modules/webpack-dev-server/client/index.js?protocol=ws%3A&hostname=0.0.0.0&port=8080&pathname=%2Fws&logging=info&overlay=true&reconnect=10&hot=true&live-reload=true 13:0-70 100:4-13 127:2-13 132:0-18 159:4-12 207:6-14 212:4-12 234:4-12 241:4-12 249:4-12 258:6-14 280:4-13 289:6-15 307:4-13 310:4-12

webpack 5.99.9 compiled with 2 errors in 168 ms
assets by status 613 KiB [cached] 6 assets
assets by status 1020 KiB [emitted]
  assets by info 1000 KiB [immutable]
    assets by path *.js 1000 KiB
      assets by chunk 932 KiB (name: main)
        asset main.26275855bf88b0032297.js 840 KiB [emitted] [immutable] (name: main)
        asset main.8395f29d902ea7bdd9ec.hot-update.js 92.1 KiB [emitted] [immutable] [hmr] (name: main)
      assets by chunk 70 KiB (name: swissknife-browser)
        asset swissknife-browser.eaa00013f04d25c0d5fe.js 69.2 KiB [emitted] [immutable] (name: swissknife-browser)
        asset swissknife-browser.8395f29d902ea7bdd9ec.hot-update.js 864 bytes [emitted] [immutable] [hmr] (name: swissknife-browser)
    assets by path *.json 70 bytes
      asset swissknife-browser.8395f29d902ea7bdd9ec.hot-update.json 42 bytes [emitted] [immutable] [hmr]
      asset main.8395f29d902ea7bdd9ec.hot-update.json 28 bytes [emitted] [immutable] [hmr]
  asset css/aero-enhanced.css 13 KiB [emitted] [from: css/aero-enhanced.css] [copied]
  asset index.html 7.68 KiB [emitted]
Entrypoint main 1.39 MiB = vendors-node_modules_buffer_index_js-node_modules_process_browser_js-node_modules_webpack-dev-b9be06.6e3e56219a899bb9a2f2.js 491 KiB main.26275855bf88b0032297.js 840 KiB main.8395f29d902ea7bdd9ec.hot-update.js 92.1 KiB
Entrypoint swissknife-browser 561 KiB = vendors-node_modules_buffer_index_js-node_modules_process_browser_js-node_modules_webpack-dev-b9be06.6e3e56219a899bb9a2f2.js 491 KiB swissknife-browser.eaa00013f04d25c0d5fe.js 69.2 KiB swissknife-browser.8395f29d902ea7bdd9ec.hot-update.js 864 bytes
cached modules 425 KiB [cached] 50 modules
runtime modules 58.7 KiB 27 modules
javascript modules 58.2 KiB
  ./node_modules/webpack-dev-server/client/modules/logger/index.js 26 KiB [code generated]
  ./node_modules/css-loader/dist/cjs.js!./css/aero-enhanced.css 32.3 KiB [built] [code generated]

ERROR in ./node_modules/webpack-dev-server/client/modules/logger/index.js 256:37-44
Module not found: Error: Can't resolve 'process/browser' in '/home/barberb/swissknife/web/node_modules/webpack-dev-server/client/modules/logger'
resolve 'process/browser' in '/home/barberb/swissknife/web/node_modules/webpack-dev-server/client/modules/logger'
  Parsed request is a module
  using description file: /home/barberb/swissknife/web/node_modules/webpack-dev-server/package.json (relative path: ./client/modules/logger)
    aliased with mapping 'process': '/home/barberb/swissknife/web/node_modules/process/browser.js' to '/home/barberb/swissknife/web/node_modules/process/browser.js/browser'
      using description file: /home/barberb/swissknife/web/node_modules/webpack-dev-server/package.json (relative path: ./client/modules/logger)
        Field 'browser' doesn't contain a valid alias configuration
        root path /home/barberb/swissknife/web
          using description file: /home/barberb/swissknife/web/package.json (relative path: ./home/barberb/swissknife/web/node_modules/process/browser.js/browser)
            no extension
              Field 'browser' doesn't contain a valid alias configuration
              /home/barberb/swissknife/web/home/barberb/swissknife/web/node_modules/process/browser.js/browser doesn't exist
            .ts
              Field 'browser' doesn't contain a valid alias configuration
              /home/barberb/swissknife/web/home/barberb/swissknife/web/node_modules/process/browser.js/browser.ts doesn't exist
            .tsx
              Field 'browser' doesn't contain a valid alias configuration
              /home/barberb/swissknife/web/home/barberb/swissknife/web/node_modules/process/browser.js/browser.tsx doesn't exist
            .js
              Field 'browser' doesn't contain a valid alias configuration
              /home/barberb/swissknife/web/home/barberb/swissknife/web/node_modules/process/browser.js/browser.js doesn't exist
            .jsx
              Field 'browser' doesn't contain a valid alias configuration
              /home/barberb/swissknife/web/home/barberb/swissknife/web/node_modules/process/browser.js/browser.jsx doesn't exist
            as directory
              /home/barberb/swissknife/web/home/barberb/swissknife/web/node_modules/process/browser.js/browser doesn't exist
        using description file: /home/barberb/swissknife/web/node_modules/process/package.json (relative path: ./browser.js/browser)
          no extension
            Field 'browser' doesn't contain a valid alias configuration
            /home/barberb/swissknife/web/node_modules/process/browser.js/browser doesn't exist
          .ts
            Field 'browser' doesn't contain a valid alias configuration
            /home/barberb/swissknife/web/node_modules/process/browser.js/browser.ts doesn't exist
          .tsx
            Field 'browser' doesn't contain a valid alias configuration
            /home/barberb/swissknife/web/node_modules/process/browser.js/browser.tsx doesn't exist
          .js
            Field 'browser' doesn't contain a valid alias configuration
            /home/barberb/swissknife/web/node_modules/process/browser.js/browser.js doesn't exist
          .jsx
            Field 'browser' doesn't contain a valid alias configuration
            /home/barberb/swissknife/web/node_modules/process/browser.js/browser.jsx doesn't exist
          as directory
            /home/barberb/swissknife/web/node_modules/process/browser.js/browser doesn't exist
    aliased with mapping 'process': '/home/barberb/swissknife/web/node_modules/process/browser.js' to '/home/barberb/swissknife/web/node_modules/process/browser.js/browser'
      using description file: /home/barberb/swissknife/web/node_modules/webpack-dev-server/package.json (relative path: ./client/modules/logger)
        Field 'browser' doesn't contain a valid alias configuration
        root path /home/barberb/swissknife/web
          using description file: /home/barberb/swissknife/web/package.json (relative path: ./home/barberb/swissknife/web/node_modules/process/browser.js/browser)
            no extension
              Field 'browser' doesn't contain a valid alias configuration
              /home/barberb/swissknife/web/home/barberb/swissknife/web/node_modules/process/browser.js/browser doesn't exist
            .ts
              Field 'browser' doesn't contain a valid alias configuration
              /home/barberb/swissknife/web/home/barberb/swissknife/web/node_modules/process/browser.js/browser.ts doesn't exist
            .tsx
              Field 'browser' doesn't contain a valid alias configuration
              /home/barberb/swissknife/web/home/barberb/swissknife/web/node_modules/process/browser.js/browser.tsx doesn't exist
            .js
              Field 'browser' doesn't contain a valid alias configuration
              /home/barberb/swissknife/web/home/barberb/swissknife/web/node_modules/process/browser.js/browser.js doesn't exist
            .jsx
              Field 'browser' doesn't contain a valid alias configuration
              /home/barberb/swissknife/web/home/barberb/swissknife/web/node_modules/process/browser.js/browser.jsx doesn't exist
            as directory
              /home/barberb/swissknife/web/home/barberb/swissknife/web/node_modules/process/browser.js/browser doesn't exist
        using description file: /home/barberb/swissknife/web/node_modules/process/package.json (relative path: ./browser.js/browser)
          no extension
            Field 'browser' doesn't contain a valid alias configuration
            /home/barberb/swissknife/web/node_modules/process/browser.js/browser doesn't exist
          .ts
            Field 'browser' doesn't contain a valid alias configuration
            /home/barberb/swissknife/web/node_modules/process/browser.js/browser.ts doesn't exist
          .tsx
            Field 'browser' doesn't contain a valid alias configuration
            /home/barberb/swissknife/web/node_modules/process/browser.js/browser.tsx doesn't exist
          .js
            Field 'browser' doesn't contain a valid alias configuration
            /home/barberb/swissknife/web/node_modules/process/browser.js/browser.js doesn't exist
          .jsx
            Field 'browser' doesn't contain a valid alias configuration
            /home/barberb/swissknife/web/node_modules/process/browser.js/browser.jsx doesn't exist
          as directory
            /home/barberb/swissknife/web/node_modules/process/browser.js/browser doesn't exist
 @ ./node_modules/webpack-dev-server/client/utils/log.js 1:0-48 13:2-31 18:10-26
 @ ./node_modules/webpack-dev-server/client/index.js?protocol=ws%3A&hostname=0.0.0.0&port=8080&pathname=%2Fws&logging=info&overlay=true&reconnect=10&hot=true&live-reload=true 13:0-70 100:4-13 127:2-13 132:0-18 159:4-12 207:6-14 212:4-12 234:4-12 241:4-12 249:4-12 258:6-14 280:4-13 289:6-15 307:4-13 310:4-12

ERROR in ./node_modules/webpack-dev-server/client/modules/logger/index.js
Cannot read properties of undefined (reading 'module')
TypeError: Cannot read properties of undefined (reading 'module')
    at ProvidedDependencyTemplate.apply (/home/barberb/swissknife/web/node_modules/webpack/lib/dependencies/ProvidedDependency.js:134:61)
    at JavascriptGenerator.sourceDependency (/home/barberb/swissknife/web/node_modules/webpack/lib/javascript/JavascriptGenerator.js:246:12)
    at JavascriptGenerator.sourceModule (/home/barberb/swissknife/web/node_modules/webpack/lib/javascript/JavascriptGenerator.js:132:9)
    at JavascriptGenerator.generate (/home/barberb/swissknife/web/node_modules/webpack/lib/javascript/JavascriptGenerator.js:108:8)
    at NormalModule.codeGeneration (/home/barberb/swissknife/web/node_modules/webpack/lib/NormalModule.js:1494:17)
    at /home/barberb/swissknife/web/node_modules/webpack/lib/Compilation.js:3651:22
    at /home/barberb/swissknife/web/node_modules/webpack/lib/Cache.js:99:5
    at Hook.eval [as callAsync] (eval at create (/home/barberb/swissknife/web/node_modules/tapable/lib/HookCodeFactory.js:33:10), <anonymous>:16:1)
    at Cache.get (/home/barberb/swissknife/web/node_modules/webpack/lib/Cache.js:81:18)
    at ItemCacheFacade.get (/home/barberb/swissknife/web/node_modules/webpack/lib/CacheFacade.js:116:15)
 @ ./node_modules/webpack-dev-server/client/utils/log.js 1:0-48 13:2-31 18:10-26
 @ ./node_modules/webpack-dev-server/client/index.js?protocol=ws%3A&hostname=0.0.0.0&port=8080&pathname=%2Fws&logging=info&overlay=true&reconnect=10&hot=true&live-reload=true 13:0-70 100:4-13 127:2-13 132:0-18 159:4-12 207:6-14 212:4-12 234:4-12 241:4-12 249:4-12 258:6-14 280:4-13 289:6-15 307:4-13 310:4-12

webpack 5.99.9 compiled with 2 errors in 161 ms
assets by status 626 KiB [cached] 7 assets
assets by status 988 KiB [emitted]
  assets by path *.js 980 KiB
    assets by chunk 910 KiB (name: main)
      asset main.09b7815c8f90a108cf33.js 841 KiB [emitted] [immutable] (name: main)
      asset main.1b882d5f9f984a585429.hot-update.js 69.9 KiB [emitted] [immutable] [hmr] (name: main)
    assets by chunk 70 KiB (name: swissknife-browser)
      asset swissknife-browser.dfe9dcb4764bb39f3d8b.js 69.2 KiB [emitted] [immutable] (name: swissknife-browser)
      asset swissknife-browser.1b882d5f9f984a585429.hot-update.js 864 bytes [emitted] [immutable] [hmr] (name: swissknife-browser)
  assets by path *.json 70 bytes
    asset swissknife-browser.1b882d5f9f984a585429.hot-update.json 42 bytes [emitted] [immutable] [hmr]
    asset main.1b882d5f9f984a585429.hot-update.json 28 bytes [emitted] [immutable] [hmr]
  asset index.html 7.68 KiB [emitted]
Entrypoint main 1.37 MiB = vendors-node_modules_buffer_index_js-node_modules_process_browser_js-node_modules_webpack-dev-b9be06.6e3e56219a899bb9a2f2.js 491 KiB main.09b7815c8f90a108cf33.js 841 KiB main.1b882d5f9f984a585429.hot-update.js 69.9 KiB
Entrypoint swissknife-browser 561 KiB = vendors-node_modules_buffer_index_js-node_modules_process_browser_js-node_modules_webpack-dev-b9be06.6e3e56219a899bb9a2f2.js 491 KiB swissknife-browser.dfe9dcb4764bb39f3d8b.js 69.2 KiB swissknife-browser.1b882d5f9f984a585429.hot-update.js 864 bytes
cached modules 431 KiB [cached] 50 modules
runtime modules 58.7 KiB 27 modules
javascript modules 51.6 KiB
  ./js/main.js 25.6 KiB [built] [code generated]
  ./node_modules/webpack-dev-server/client/modules/logger/index.js 26 KiB [code generated]

ERROR in ./node_modules/webpack-dev-server/client/modules/logger/index.js 256:37-44
Module not found: Error: Can't resolve 'process/browser' in '/home/barberb/swissknife/web/node_modules/webpack-dev-server/client/modules/logger'
resolve 'process/browser' in '/home/barberb/swissknife/web/node_modules/webpack-dev-server/client/modules/logger'
  Parsed request is a module
  using description file: /home/barberb/swissknife/web/node_modules/webpack-dev-server/package.json (relative path: ./client/modules/logger)
    aliased with mapping 'process': '/home/barberb/swissknife/web/node_modules/process/browser.js' to '/home/barberb/swissknife/web/node_modules/process/browser.js/browser'
      using description file: /home/barberb/swissknife/web/node_modules/webpack-dev-server/package.json (relative path: ./client/modules/logger)
        Field 'browser' doesn't contain a valid alias configuration
        root path /home/barberb/swissknife/web
          using description file: /home/barberb/swissknife/web/package.json (relative path: ./home/barberb/swissknife/web/node_modules/process/browser.js/browser)
            no extension
              Field 'browser' doesn't contain a valid alias configuration
              /home/barberb/swissknife/web/home/barberb/swissknife/web/node_modules/process/browser.js/browser doesn't exist
            .ts
              Field 'browser' doesn't contain a valid alias configuration
              /home/barberb/swissknife/web/home/barberb/swissknife/web/node_modules/process/browser.js/browser.ts doesn't exist
            .tsx
              Field 'browser' doesn't contain a valid alias configuration
              /home/barberb/swissknife/web/home/barberb/swissknife/web/node_modules/process/browser.js/browser.tsx doesn't exist
            .js
              Field 'browser' doesn't contain a valid alias configuration
              /home/barberb/swissknife/web/home/barberb/swissknife/web/node_modules/process/browser.js/browser.js doesn't exist
            .jsx
              Field 'browser' doesn't contain a valid alias configuration
              /home/barberb/swissknife/web/home/barberb/swissknife/web/node_modules/process/browser.js/browser.jsx doesn't exist
            as directory
              /home/barberb/swissknife/web/home/barberb/swissknife/web/node_modules/process/browser.js/browser doesn't exist
        using description file: /home/barberb/swissknife/web/node_modules/process/package.json (relative path: ./browser.js/browser)
          no extension
            Field 'browser' doesn't contain a valid alias configuration
            /home/barberb/swissknife/web/node_modules/process/browser.js/browser doesn't exist
          .ts
            Field 'browser' doesn't contain a valid alias configuration
            /home/barberb/swissknife/web/node_modules/process/browser.js/browser.ts doesn't exist
          .tsx
            Field 'browser' doesn't contain a valid alias configuration
            /home/barberb/swissknife/web/node_modules/process/browser.js/browser.tsx doesn't exist
          .js
            Field 'browser' doesn't contain a valid alias configuration
            /home/barberb/swissknife/web/node_modules/process/browser.js/browser.js doesn't exist
          .jsx
            Field 'browser' doesn't contain a valid alias configuration
            /home/barberb/swissknife/web/node_modules/process/browser.js/browser.jsx doesn't exist
          as directory
            /home/barberb/swissknife/web/node_modules/process/browser.js/browser doesn't exist
    aliased with mapping 'process': '/home/barberb/swissknife/web/node_modules/process/browser.js' to '/home/barberb/swissknife/web/node_modules/process/browser.js/browser'
      using description file: /home/barberb/swissknife/web/node_modules/webpack-dev-server/package.json (relative path: ./client/modules/logger)
        Field 'browser' doesn't contain a valid alias configuration
        root path /home/barberb/swissknife/web
          using description file: /home/barberb/swissknife/web/package.json (relative path: ./home/barberb/swissknife/web/node_modules/process/browser.js/browser)
            no extension
              Field 'browser' doesn't contain a valid alias configuration
              /home/barberb/swissknife/web/home/barberb/swissknife/web/node_modules/process/browser.js/browser doesn't exist
            .ts
              Field 'browser' doesn't contain a valid alias configuration
              /home/barberb/swissknife/web/home/barberb/swissknife/web/node_modules/process/browser.js/browser.ts doesn't exist
            .tsx
              Field 'browser' doesn't contain a valid alias configuration
              /home/barberb/swissknife/web/home/barberb/swissknife/web/node_modules/process/browser.js/browser.tsx doesn't exist
            .js
              Field 'browser' doesn't contain a valid alias configuration
              /home/barberb/swissknife/web/home/barberb/swissknife/web/node_modules/process/browser.js/browser.js doesn't exist
            .jsx
              Field 'browser' doesn't contain a valid alias configuration
              /home/barberb/swissknife/web/home/barberb/swissknife/web/node_modules/process/browser.js/browser.jsx doesn't exist
            as directory
              /home/barberb/swissknife/web/home/barberb/swissknife/web/node_modules/process/browser.js/browser doesn't exist
        using description file: /home/barberb/swissknife/web/node_modules/process/package.json (relative path: ./browser.js/browser)
          no extension
            Field 'browser' doesn't contain a valid alias configuration
            /home/barberb/swissknife/web/node_modules/process/browser.js/browser doesn't exist
          .ts
            Field 'browser' doesn't contain a valid alias configuration
            /home/barberb/swissknife/web/node_modules/process/browser.js/browser.ts doesn't exist
          .tsx
            Field 'browser' doesn't contain a valid alias configuration
            /home/barberb/swissknife/web/node_modules/process/browser.js/browser.tsx doesn't exist
          .js
            Field 'browser' doesn't contain a valid alias configuration
            /home/barberb/swissknife/web/node_modules/process/browser.js/browser.js doesn't exist
          .jsx
            Field 'browser' doesn't contain a valid alias configuration
            /home/barberb/swissknife/web/node_modules/process/browser.js/browser.jsx doesn't exist
          as directory
            /home/barberb/swissknife/web/node_modules/process/browser.js/browser doesn't exist
 @ ./node_modules/webpack-dev-server/client/utils/log.js 1:0-48 13:2-31 18:10-26
 @ ./node_modules/webpack-dev-server/client/index.js?protocol=ws%3A&hostname=0.0.0.0&port=8080&pathname=%2Fws&logging=info&overlay=true&reconnect=10&hot=true&live-reload=true 13:0-70 100:4-13 127:2-13 132:0-18 159:4-12 207:6-14 212:4-12 234:4-12 241:4-12 249:4-12 258:6-14 280:4-13 289:6-15 307:4-13 310:4-12

ERROR in ./node_modules/webpack-dev-server/client/modules/logger/index.js
Cannot read properties of undefined (reading 'module')
TypeError: Cannot read properties of undefined (reading 'module')
    at ProvidedDependencyTemplate.apply (/home/barberb/swissknife/web/node_modules/webpack/lib/dependencies/ProvidedDependency.js:134:61)
    at JavascriptGenerator.sourceDependency (/home/barberb/swissknife/web/node_modules/webpack/lib/javascript/JavascriptGenerator.js:246:12)
    at JavascriptGenerator.sourceModule (/home/barberb/swissknife/web/node_modules/webpack/lib/javascript/JavascriptGenerator.js:132:9)
    at JavascriptGenerator.generate (/home/barberb/swissknife/web/node_modules/webpack/lib/javascript/JavascriptGenerator.js:108:8)
    at NormalModule.codeGeneration (/home/barberb/swissknife/web/node_modules/webpack/lib/NormalModule.js:1494:17)
    at /home/barberb/swissknife/web/node_modules/webpack/lib/Compilation.js:3651:22
    at /home/barberb/swissknife/web/node_modules/webpack/lib/Cache.js:99:5
    at Hook.eval [as callAsync] (eval at create (/home/barberb/swissknife/web/node_modules/tapable/lib/HookCodeFactory.js:33:10), <anonymous>:16:1)
    at Cache.get (/home/barberb/swissknife/web/node_modules/webpack/lib/Cache.js:81:18)
    at ItemCacheFacade.get (/home/barberb/swissknife/web/node_modules/webpack/lib/CacheFacade.js:116:15)
 @ ./node_modules/webpack-dev-server/client/utils/log.js 1:0-48 13:2-31 18:10-26
 @ ./node_modules/webpack-dev-server/client/index.js?protocol=ws%3A&hostname=0.0.0.0&port=8080&pathname=%2Fws&logging=info&overlay=true&reconnect=10&hot=true&live-reload=true 13:0-70 100:4-13 127:2-13 132:0-18 159:4-12 207:6-14 212:4-12 234:4-12 241:4-12 249:4-12 258:6-14 280:4-13 289:6-15 307:4-13 310:4-12

webpack 5.99.9 compiled with 2 errors in 138 ms
assets by status 626 KiB [cached] 7 assets
assets by status 988 KiB [emitted]
  assets by path *.js 981 KiB
    assets by chunk 910 KiB (name: main)
      asset main.c96c6678ca5e4f3b0ef8.js 841 KiB [emitted] [immutable] (name: main)
      asset main.9aa6ca4e211439b1dbfc.hot-update.js 69.9 KiB [emitted] [immutable] [hmr] (name: main)
    assets by chunk 70 KiB (name: swissknife-browser)
      asset swissknife-browser.9226630df85a3d70ce5c.js 69.2 KiB [emitted] [immutable] (name: swissknife-browser)
      asset swissknife-browser.9aa6ca4e211439b1dbfc.hot-update.js 864 bytes [emitted] [immutable] [hmr] (name: swissknife-browser)
  assets by path *.json 70 bytes
    asset swissknife-browser.9aa6ca4e211439b1dbfc.hot-update.json 42 bytes [emitted] [immutable] [hmr]
    asset main.9aa6ca4e211439b1dbfc.hot-update.json 28 bytes [emitted] [immutable] [hmr]
  asset index.html 7.68 KiB [emitted]
Entrypoint main 1.37 MiB = vendors-node_modules_buffer_index_js-node_modules_process_browser_js-node_modules_webpack-dev-b9be06.6e3e56219a899bb9a2f2.js 491 KiB main.c96c6678ca5e4f3b0ef8.js 841 KiB main.9aa6ca4e211439b1dbfc.hot-update.js 69.9 KiB
Entrypoint swissknife-browser 561 KiB = vendors-node_modules_buffer_index_js-node_modules_process_browser_js-node_modules_webpack-dev-b9be06.6e3e56219a899bb9a2f2.js 491 KiB swissknife-browser.9226630df85a3d70ce5c.js 69.2 KiB swissknife-browser.9aa6ca4e211439b1dbfc.hot-update.js 864 bytes
cached modules 431 KiB [cached] 50 modules
runtime modules 58.7 KiB 27 modules
javascript modules 51.6 KiB
  ./js/main.js 25.6 KiB [built] [code generated]
  ./node_modules/webpack-dev-server/client/modules/logger/index.js 26 KiB [code generated]

ERROR in ./node_modules/webpack-dev-server/client/modules/logger/index.js 256:37-44
Module not found: Error: Can't resolve 'process/browser' in '/home/barberb/swissknife/web/node_modules/webpack-dev-server/client/modules/logger'
resolve 'process/browser' in '/home/barberb/swissknife/web/node_modules/webpack-dev-server/client/modules/logger'
  Parsed request is a module
  using description file: /home/barberb/swissknife/web/node_modules/webpack-dev-server/package.json (relative path: ./client/modules/logger)
    aliased with mapping 'process': '/home/barberb/swissknife/web/node_modules/process/browser.js' to '/home/barberb/swissknife/web/node_modules/process/browser.js/browser'
      using description file: /home/barberb/swissknife/web/node_modules/webpack-dev-server/package.json (relative path: ./client/modules/logger)
        Field 'browser' doesn't contain a valid alias configuration
        root path /home/barberb/swissknife/web
          using description file: /home/barberb/swissknife/web/package.json (relative path: ./home/barberb/swissknife/web/node_modules/process/browser.js/browser)
            no extension
              Field 'browser' doesn't contain a valid alias configuration
              /home/barberb/swissknife/web/home/barberb/swissknife/web/node_modules/process/browser.js/browser doesn't exist
            .ts
              Field 'browser' doesn't contain a valid alias configuration
              /home/barberb/swissknife/web/home/barberb/swissknife/web/node_modules/process/browser.js/browser.ts doesn't exist
            .tsx
              Field 'browser' doesn't contain a valid alias configuration
              /home/barberb/swissknife/web/home/barberb/swissknife/web/node_modules/process/browser.js/browser.tsx doesn't exist
            .js
              Field 'browser' doesn't contain a valid alias configuration
              /home/barberb/swissknife/web/home/barberb/swissknife/web/node_modules/process/browser.js/browser.js doesn't exist
            .jsx
              Field 'browser' doesn't contain a valid alias configuration
              /home/barberb/swissknife/web/home/barberb/swissknife/web/node_modules/process/browser.js/browser.jsx doesn't exist
            as directory
              /home/barberb/swissknife/web/home/barberb/swissknife/web/node_modules/process/browser.js/browser doesn't exist
        using description file: /home/barberb/swissknife/web/node_modules/process/package.json (relative path: ./browser.js/browser)
          no extension
            Field 'browser' doesn't contain a valid alias configuration
            /home/barberb/swissknife/web/node_modules/process/browser.js/browser doesn't exist
          .ts
            Field 'browser' doesn't contain a valid alias configuration
            /home/barberb/swissknife/web/node_modules/process/browser.js/browser.ts doesn't exist
          .tsx
            Field 'browser' doesn't contain a valid alias configuration
            /home/barberb/swissknife/web/node_modules/process/browser.js/browser.tsx doesn't exist
          .js
            Field 'browser' doesn't contain a valid alias configuration
            /home/barberb/swissknife/web/node_modules/process/browser.js/browser.js doesn't exist
          .jsx
            Field 'browser' doesn't contain a valid alias configuration
            /home/barberb/swissknife/web/node_modules/process/browser.js/browser.jsx doesn't exist
          as directory
            /home/barberb/swissknife/web/node_modules/process/browser.js/browser doesn't exist
    aliased with mapping 'process': '/home/barberb/swissknife/web/node_modules/process/browser.js' to '/home/barberb/swissknife/web/node_modules/process/browser.js/browser'
      using description file: /home/barberb/swissknife/web/node_modules/webpack-dev-server/package.json (relative path: ./client/modules/logger)
        Field 'browser' doesn't contain a valid alias configuration
        root path /home/barberb/swissknife/web
          using description file: /home/barberb/swissknife/web/package.json (relative path: ./home/barberb/swissknife/web/node_modules/process/browser.js/browser)
            no extension
              Field 'browser' doesn't contain a valid alias configuration
              /home/barberb/swissknife/web/home/barberb/swissknife/web/node_modules/process/browser.js/browser doesn't exist
            .ts
              Field 'browser' doesn't contain a valid alias configuration
              /home/barberb/swissknife/web/home/barberb/swissknife/web/node_modules/process/browser.js/browser.ts doesn't exist
            .tsx
              Field 'browser' doesn't contain a valid alias configuration
              /home/barberb/swissknife/web/home/barberb/swissknife/web/node_modules/process/browser.js/browser.tsx doesn't exist
            .js
              Field 'browser' doesn't contain a valid alias configuration
              /home/barberb/swissknife/web/home/barberb/swissknife/web/node_modules/process/browser.js/browser.js doesn't exist
            .jsx
              Field 'browser' doesn't contain a valid alias configuration
              /home/barberb/swissknife/web/home/barberb/swissknife/web/node_modules/process/browser.js/browser.jsx doesn't exist
            as directory
              /home/barberb/swissknife/web/home/barberb/swissknife/web/node_modules/process/browser.js/browser doesn't exist
        using description file: /home/barberb/swissknife/web/node_modules/process/package.json (relative path: ./browser.js/browser)
          no extension
            Field 'browser' doesn't contain a valid alias configuration
            /home/barberb/swissknife/web/node_modules/process/browser.js/browser doesn't exist
          .ts
            Field 'browser' doesn't contain a valid alias configuration
            /home/barberb/swissknife/web/node_modules/process/browser.js/browser.ts doesn't exist
          .tsx
            Field 'browser' doesn't contain a valid alias configuration
            /home/barberb/swissknife/web/node_modules/process/browser.js/browser.tsx doesn't exist
          .js
            Field 'browser' doesn't contain a valid alias configuration
            /home/barberb/swissknife/web/node_modules/process/browser.js/browser.js doesn't exist
          .jsx
            Field 'browser' doesn't contain a valid alias configuration
            /home/barberb/swissknife/web/node_modules/process/browser.js/browser.jsx doesn't exist
          as directory
            /home/barberb/swissknife/web/node_modules/process/browser.js/browser doesn't exist
 @ ./node_modules/webpack-dev-server/client/utils/log.js 1:0-48 13:2-31 18:10-26
 @ ./node_modules/webpack-dev-server/client/index.js?protocol=ws%3A&hostname=0.0.0.0&port=8080&pathname=%2Fws&logging=info&overlay=true&reconnect=10&hot=true&live-reload=true 13:0-70 100:4-13 127:2-13 132:0-18 159:4-12 207:6-14 212:4-12 234:4-12 241:4-12 249:4-12 258:6-14 280:4-13 289:6-15 307:4-13 310:4-12

ERROR in ./node_modules/webpack-dev-server/client/modules/logger/index.js
Cannot read properties of undefined (reading 'module')
TypeError: Cannot read properties of undefined (reading 'module')
    at ProvidedDependencyTemplate.apply (/home/barberb/swissknife/web/node_modules/webpack/lib/dependencies/ProvidedDependency.js:134:61)
    at JavascriptGenerator.sourceDependency (/home/barberb/swissknife/web/node_modules/webpack/lib/javascript/JavascriptGenerator.js:246:12)
    at JavascriptGenerator.sourceModule (/home/barberb/swissknife/web/node_modules/webpack/lib/javascript/JavascriptGenerator.js:132:9)
    at JavascriptGenerator.generate (/home/barberb/swissknife/web/node_modules/webpack/lib/javascript/JavascriptGenerator.js:108:8)
    at NormalModule.codeGeneration (/home/barberb/swissknife/web/node_modules/webpack/lib/NormalModule.js:1494:17)
    at /home/barberb/swissknife/web/node_modules/webpack/lib/Compilation.js:3651:22
    at /home/barberb/swissknife/web/node_modules/webpack/lib/Cache.js:99:5
    at Hook.eval [as callAsync] (eval at create (/home/barberb/swissknife/web/node_modules/tapable/lib/HookCodeFactory.js:33:10), <anonymous>:16:1)
    at Cache.get (/home/barberb/swissknife/web/node_modules/webpack/lib/Cache.js:81:18)
    at ItemCacheFacade.get (/home/barberb/swissknife/web/node_modules/webpack/lib/CacheFacade.js:116:15)
 @ ./node_modules/webpack-dev-server/client/utils/log.js 1:0-48 13:2-31 18:10-26
 @ ./node_modules/webpack-dev-server/client/index.js?protocol=ws%3A&hostname=0.0.0.0&port=8080&pathname=%2Fws&logging=info&overlay=true&reconnect=10&hot=true&live-reload=true 13:0-70 100:4-13 127:2-13 132:0-18 159:4-12 207:6-14 212:4-12 234:4-12 241:4-12 249:4-12 258:6-14 280:4-13 289:6-15 307:4-13 310:4-12

webpack 5.99.9 compiled with 2 errors in 126 ms
<i> [webpack-dev-server] Gracefully shutting down. To force exit, press ^C again. Please wait...
